2024-03-06 12:04:03.339 [info] Started local extension host with pid 20420.
2024-03-06 12:04:03.741 [warning] [golang.go]: Cannot register 'go.buildOnSave'. This property is already registered.
2024-03-06 12:04:03.741 [warning] [golang.go]: Cannot register 'go.buildFlags'. This property is already registered.
2024-03-06 12:04:03.741 [warning] [golang.go]: Cannot register 'go.buildTags'. This property is already registered.
2024-03-06 12:04:03.741 [warning] [golang.go]: Cannot register 'go.testTags'. This property is already registered.
2024-03-06 12:04:03.742 [warning] [golang.go]: Cannot register 'go.disableConcurrentTests'. This property is already registered.
2024-03-06 12:04:03.742 [warning] [golang.go]: Cannot register 'go.installDependenciesWhenBuilding'. This property is already registered.
2024-03-06 12:04:03.742 [warning] [golang.go]: Cannot register 'go.lintOnSave'. This property is already registered.
2024-03-06 12:04:03.743 [warning] [golang.go]: Cannot register 'go.lintTool'. This property is already registered.
2024-03-06 12:04:03.743 [warning] [golang.go]: Cannot register 'go.lintFlags'. This property is already registered.
2024-03-06 12:04:03.743 [warning] [golang.go]: Cannot register 'go.vetOnSave'. This property is already registered.
2024-03-06 12:04:03.744 [warning] [golang.go]: Cannot register 'go.vetFlags'. This property is already registered.
2024-03-06 12:04:03.744 [warning] [golang.go]: Cannot register 'go.formatTool'. This property is already registered.
2024-03-06 12:04:03.744 [warning] [golang.go]: Cannot register 'go.formatFlags'. This property is already registered.
2024-03-06 12:04:03.744 [warning] [golang.go]: Cannot register 'go.inferGopath'. This property is already registered.
2024-03-06 12:04:03.744 [warning] [golang.go]: Cannot register 'go.gopath'. This property is already registered.
2024-03-06 12:04:03.744 [warning] [golang.go]: Cannot register 'go.toolsGopath'. This property is already registered.
2024-03-06 12:04:03.744 [warning] [golang.go]: Cannot register 'go.goroot'. This property is already registered.
2024-03-06 12:04:03.745 [warning] [golang.go]: Cannot register 'go.testOnSave'. This property is already registered.
2024-03-06 12:04:03.745 [warning] [golang.go]: Cannot register 'go.coverOnSave'. This property is already registered.
2024-03-06 12:04:03.745 [warning] [golang.go]: Cannot register 'go.coverOnTestPackage'. This property is already registered.
2024-03-06 12:04:03.745 [warning] [golang.go]: Cannot register 'go.coverOnSingleTest'. This property is already registered.
2024-03-06 12:04:03.745 [warning] [golang.go]: Cannot register 'go.coverOnSingleTestFile'. This property is already registered.
2024-03-06 12:04:03.745 [warning] [golang.go]: Cannot register 'go.coverMode'. This property is already registered.
2024-03-06 12:04:03.746 [warning] [golang.go]: Cannot register 'go.coverShowCounts'. This property is already registered.
2024-03-06 12:04:03.746 [warning] [golang.go]: Cannot register 'go.coverageOptions'. This property is already registered.
2024-03-06 12:04:03.746 [warning] [golang.go]: Cannot register 'go.coverageDecorator'. This property is already registered.
2024-03-06 12:04:03.746 [warning] [golang.go]: Cannot register 'go.testTimeout'. This property is already registered.
2024-03-06 12:04:03.746 [warning] [golang.go]: Cannot register 'go.testEnvVars'. This property is already registered.
2024-03-06 12:04:03.746 [warning] [golang.go]: Cannot register 'go.testEnvFile'. This property is already registered.
2024-03-06 12:04:03.746 [warning] [golang.go]: Cannot register 'go.testFlags'. This property is already registered.
2024-03-06 12:04:03.747 [warning] [golang.go]: Cannot register 'go.generateTestsFlags'. This property is already registered.
2024-03-06 12:04:03.747 [warning] [golang.go]: Cannot register 'go.toolsEnvVars'. This property is already registered.
2024-03-06 12:04:03.747 [warning] [golang.go]: Cannot register 'go.useLanguageServer'. This property is already registered.
2024-03-06 12:04:03.747 [warning] [golang.go]: Cannot register 'go.languageServerFlags'. This property is already registered.
2024-03-06 12:04:03.747 [warning] [golang.go]: Cannot register 'go.trace.server'. This property is already registered.
2024-03-06 12:04:03.748 [warning] [golang.go]: Cannot register 'go.logging.level'. This property is already registered.
2024-03-06 12:04:03.748 [warning] [golang.go]: Cannot register 'go.toolsManagement.checkForUpdates'. This property is already registered.
2024-03-06 12:04:03.748 [warning] [golang.go]: Cannot register 'go.toolsManagement.autoUpdate'. This property is already registered.
2024-03-06 12:04:03.748 [warning] [golang.go]: Cannot register 'go.enableCodeLens'. This property is already registered.
2024-03-06 12:04:03.749 [warning] [golang.go]: Cannot register 'go.addTags'. This property is already registered.
2024-03-06 12:04:03.749 [warning] [golang.go]: Cannot register 'go.removeTags'. This property is already registered.
2024-03-06 12:04:03.749 [warning] [golang.go]: Cannot register 'go.playground'. This property is already registered.
2024-03-06 12:04:03.750 [warning] [golang.go]: Cannot register 'go.editorContextMenuCommands'. This property is already registered.
2024-03-06 12:04:03.750 [warning] [golang.go]: Cannot register 'go.delveConfig'. This property is already registered.
2024-03-06 12:04:03.750 [warning] [golang.go]: Cannot register 'go.alternateTools'. This property is already registered.
2024-03-06 12:04:03.750 [warning] [golang.go]: Cannot register 'gopls'. This property is already registered.
2024-03-06 12:04:03.762 [info] [golang.go]: Command `go.gopath` already registered by Go (gattytto.go)
2024-03-06 12:04:03.762 [info] [golang.go]: Command `go.locate.tools` already registered by Go (gattytto.go)
2024-03-06 12:04:03.763 [info] [golang.go]: Command `go.test.cursor` already registered by Go (gattytto.go)
2024-03-06 12:04:03.763 [info] [golang.go]: Command `go.subtest.cursor` already registered by Go (gattytto.go)
2024-03-06 12:04:03.763 [info] [golang.go]: Command `go.benchmark.cursor` already registered by Go (gattytto.go)
2024-03-06 12:04:03.763 [info] [golang.go]: Command `go.debug.cursor` already registered by Go (gattytto.go)
2024-03-06 12:04:03.763 [info] [golang.go]: Command `go.test.file` already registered by Go (gattytto.go)
2024-03-06 12:04:03.764 [info] [golang.go]: Command `go.test.package` already registered by Go (gattytto.go)
2024-03-06 12:04:03.764 [info] [golang.go]: Command `go.benchmark.package` already registered by Go (gattytto.go)
2024-03-06 12:04:03.764 [info] [golang.go]: Command `go.benchmark.file` already registered by Go (gattytto.go)
2024-03-06 12:04:03.765 [info] [golang.go]: Command `go.test.workspace` already registered by Go (gattytto.go)
2024-03-06 12:04:03.765 [info] [golang.go]: Command `go.test.previous` already registered by Go (gattytto.go)
2024-03-06 12:04:03.765 [info] [golang.go]: Command `go.test.coverage` already registered by Go (gattytto.go)
2024-03-06 12:04:03.766 [info] [golang.go]: Command `go.test.generate.package` already registered by Go (gattytto.go)
2024-03-06 12:04:03.766 [info] [golang.go]: Command `go.test.generate.file` already registered by Go (gattytto.go)
2024-03-06 12:04:03.767 [info] [golang.go]: Command `go.test.generate.function` already registered by Go (gattytto.go)
2024-03-06 12:04:03.768 [info] [golang.go]: Command `go.impl.cursor` already registered by Go (gattytto.go)
2024-03-06 12:04:03.768 [info] [golang.go]: Command `go.extractServerChannel` already registered by Go (gattytto.go)
2024-03-06 12:04:03.768 [info] [golang.go]: Command `go.welcome` already registered by Go (gattytto.go)
2024-03-06 12:04:03.769 [info] [golang.go]: Command `go.toggle.gc_details` already registered by Go (gattytto.go)
2024-03-06 12:04:03.769 [info] [golang.go]: Command `go.import.add` already registered by Go (gattytto.go)
2024-03-06 12:04:03.769 [info] [golang.go]: Command `go.add.package.workspace` already registered by Go (gattytto.go)
2024-03-06 12:04:03.769 [info] [golang.go]: Command `go.tools.install` already registered by Go (gattytto.go)
2024-03-06 12:04:03.769 [info] [golang.go]: Command `go.toggle.test.file` already registered by Go (gattytto.go)
2024-03-06 12:04:03.769 [info] [golang.go]: Command `go.add.tags` already registered by Go (gattytto.go)
2024-03-06 12:04:03.770 [info] [golang.go]: Command `go.remove.tags` already registered by Go (gattytto.go)
2024-03-06 12:04:03.770 [info] [golang.go]: Command `go.show.commands` already registered by Go (gattytto.go)
2024-03-06 12:04:03.770 [info] [golang.go]: Command `go.browse.packages` already registered by Go (gattytto.go)
2024-03-06 12:04:03.770 [info] [golang.go]: Command `go.get.package` already registered by Go (gattytto.go)
2024-03-06 12:04:03.770 [info] [golang.go]: Command `go.playground` already registered by Go (gattytto.go)
2024-03-06 12:04:03.770 [info] [golang.go]: Command `go.lint.package` already registered by Go (gattytto.go)
2024-03-06 12:04:03.770 [info] [golang.go]: Command `go.lint.workspace` already registered by Go (gattytto.go)
2024-03-06 12:04:03.771 [info] [golang.go]: Command `go.vet.package` already registered by Go (gattytto.go)
2024-03-06 12:04:03.771 [info] [golang.go]: Command `go.vet.workspace` already registered by Go (gattytto.go)
2024-03-06 12:04:03.771 [info] [golang.go]: Command `go.build.package` already registered by Go (gattytto.go)
2024-03-06 12:04:03.771 [info] [golang.go]: Command `go.build.workspace` already registered by Go (gattytto.go)
2024-03-06 12:04:03.771 [info] [golang.go]: Command `go.install.package` already registered by Go (gattytto.go)
2024-03-06 12:04:03.771 [info] [golang.go]: Command `go.test.cancel` already registered by Go (gattytto.go)
2024-03-06 12:04:03.772 [info] [golang.go]: Command `go.apply.coverprofile` already registered by Go (gattytto.go)
2024-03-06 12:04:03.772 [info] [golang.go]: Command `go.languageserver.restart` already registered by Go (gattytto.go)
2024-03-06 12:04:03.772 [info] [golang.go]: Command `go.environment.choose` already registered by Go (gattytto.go)
2024-03-06 12:04:03.772 [info] [golang.go]: Command `go.survey.showConfig` already registered by Go (gattytto.go)
2024-03-06 12:04:03.772 [info] [golang.go]: Command `go.survey.resetConfig` already registered by Go (gattytto.go)
2024-03-06 12:04:03.772 [info] [golang.go]: Command `go.workspace.resetState` already registered by Go (gattytto.go)
2024-03-06 12:04:03.773 [info] [golang.go]: Command `go.global.resetState` already registered by Go (gattytto.go)
2024-03-06 12:04:06.712 [info] [perf] Render performance baseline is 162ms
2024-03-06 12:04:17.197 [info] Started local extension host with pid 20545.
2024-03-06 12:04:20.056 [info] [perf] Render performance baseline is 160ms
2024-03-06 12:04:21.966 [warning] [gattytto.go]: Cannot register 'go.buildOnSave'. This property is already registered.
2024-03-06 12:04:21.966 [warning] [gattytto.go]: Cannot register 'go.buildFlags'. This property is already registered.
2024-03-06 12:04:21.967 [warning] [gattytto.go]: Cannot register 'go.buildTags'. This property is already registered.
2024-03-06 12:04:21.967 [warning] [gattytto.go]: Cannot register 'go.testTags'. This property is already registered.
2024-03-06 12:04:21.967 [warning] [gattytto.go]: Cannot register 'go.disableConcurrentTests'. This property is already registered.
2024-03-06 12:04:21.967 [warning] [gattytto.go]: Cannot register 'go.installDependenciesWhenBuilding'. This property is already registered.
2024-03-06 12:04:21.968 [warning] [gattytto.go]: Cannot register 'go.lintOnSave'. This property is already registered.
2024-03-06 12:04:21.968 [warning] [gattytto.go]: Cannot register 'go.lintTool'. This property is already registered.
2024-03-06 12:04:21.968 [warning] [gattytto.go]: Cannot register 'go.lintFlags'. This property is already registered.
2024-03-06 12:04:21.968 [warning] [gattytto.go]: Cannot register 'go.vetOnSave'. This property is already registered.
2024-03-06 12:04:21.968 [warning] [gattytto.go]: Cannot register 'go.vetFlags'. This property is already registered.
2024-03-06 12:04:21.968 [warning] [gattytto.go]: Cannot register 'go.formatTool'. This property is already registered.
2024-03-06 12:04:21.968 [warning] [gattytto.go]: Cannot register 'go.formatFlags'. This property is already registered.
2024-03-06 12:04:21.969 [warning] [gattytto.go]: Cannot register 'go.inferGopath'. This property is already registered.
2024-03-06 12:04:21.969 [warning] [gattytto.go]: Cannot register 'go.gopath'. This property is already registered.
2024-03-06 12:04:21.969 [warning] [gattytto.go]: Cannot register 'go.toolsGopath'. This property is already registered.
2024-03-06 12:04:21.969 [warning] [gattytto.go]: Cannot register 'go.goroot'. This property is already registered.
2024-03-06 12:04:21.969 [warning] [gattytto.go]: Cannot register 'go.testOnSave'. This property is already registered.
2024-03-06 12:04:21.969 [warning] [gattytto.go]: Cannot register 'go.coverOnSave'. This property is already registered.
2024-03-06 12:04:21.970 [warning] [gattytto.go]: Cannot register 'go.coverOnTestPackage'. This property is already registered.
2024-03-06 12:04:21.970 [warning] [gattytto.go]: Cannot register 'go.coverOnSingleTest'. This property is already registered.
2024-03-06 12:04:21.970 [warning] [gattytto.go]: Cannot register 'go.coverOnSingleTestFile'. This property is already registered.
2024-03-06 12:04:21.970 [warning] [gattytto.go]: Cannot register 'go.coverMode'. This property is already registered.
2024-03-06 12:04:21.970 [warning] [gattytto.go]: Cannot register 'go.coverShowCounts'. This property is already registered.
2024-03-06 12:04:21.970 [warning] [gattytto.go]: Cannot register 'go.coverageOptions'. This property is already registered.
2024-03-06 12:04:21.971 [warning] [gattytto.go]: Cannot register 'go.coverageDecorator'. This property is already registered.
2024-03-06 12:04:21.971 [warning] [gattytto.go]: Cannot register 'go.testTimeout'. This property is already registered.
2024-03-06 12:04:21.971 [warning] [gattytto.go]: Cannot register 'go.testEnvVars'. This property is already registered.
2024-03-06 12:04:21.972 [warning] [gattytto.go]: Cannot register 'go.testEnvFile'. This property is already registered.
2024-03-06 12:04:21.972 [warning] [gattytto.go]: Cannot register 'go.testFlags'. This property is already registered.
2024-03-06 12:04:21.972 [warning] [gattytto.go]: Cannot register 'go.generateTestsFlags'. This property is already registered.
2024-03-06 12:04:21.972 [warning] [gattytto.go]: Cannot register 'go.toolsEnvVars'. This property is already registered.
2024-03-06 12:04:21.972 [warning] [gattytto.go]: Cannot register 'go.useLanguageServer'. This property is already registered.
2024-03-06 12:04:21.972 [warning] [gattytto.go]: Cannot register 'go.languageServerFlags'. This property is already registered.
2024-03-06 12:04:21.973 [warning] [gattytto.go]: Cannot register 'go.trace.server'. This property is already registered.
2024-03-06 12:04:21.973 [warning] [gattytto.go]: Cannot register 'go.logging.level'. This property is already registered.
2024-03-06 12:04:21.973 [warning] [gattytto.go]: Cannot register 'go.toolsManagement.checkForUpdates'. This property is already registered.
2024-03-06 12:04:21.973 [warning] [gattytto.go]: Cannot register 'go.toolsManagement.autoUpdate'. This property is already registered.
2024-03-06 12:04:21.973 [warning] [gattytto.go]: Cannot register 'go.enableCodeLens'. This property is already registered.
2024-03-06 12:04:21.973 [warning] [gattytto.go]: Cannot register 'go.addTags'. This property is already registered.
2024-03-06 12:04:21.973 [warning] [gattytto.go]: Cannot register 'go.removeTags'. This property is already registered.
2024-03-06 12:04:21.974 [warning] [gattytto.go]: Cannot register 'go.playground'. This property is already registered.
2024-03-06 12:04:21.974 [warning] [gattytto.go]: Cannot register 'go.editorContextMenuCommands'. This property is already registered.
2024-03-06 12:04:21.974 [warning] [gattytto.go]: Cannot register 'go.delveConfig'. This property is already registered.
2024-03-06 12:04:21.974 [warning] [gattytto.go]: Cannot register 'go.alternateTools'. This property is already registered.
2024-03-06 12:04:21.974 [warning] [gattytto.go]: Cannot register 'gopls'. This property is already registered.
2024-03-06 12:04:21.978 [info] [golang.go]: Command `go.gopath` already registered by Go (gattytto.go)
2024-03-06 12:04:21.978 [info] [golang.go]: Command `go.locate.tools` already registered by Go (gattytto.go)
2024-03-06 12:04:21.978 [info] [golang.go]: Command `go.test.cursor` already registered by Go (gattytto.go)
2024-03-06 12:04:21.978 [info] [golang.go]: Command `go.subtest.cursor` already registered by Go (gattytto.go)
2024-03-06 12:04:21.978 [info] [golang.go]: Command `go.benchmark.cursor` already registered by Go (gattytto.go)
2024-03-06 12:04:21.979 [info] [golang.go]: Command `go.debug.cursor` already registered by Go (gattytto.go)
2024-03-06 12:04:21.979 [info] [golang.go]: Command `go.test.file` already registered by Go (gattytto.go)
2024-03-06 12:04:21.979 [info] [golang.go]: Command `go.test.package` already registered by Go (gattytto.go)
2024-03-06 12:04:21.979 [info] [golang.go]: Command `go.benchmark.package` already registered by Go (gattytto.go)
2024-03-06 12:04:21.979 [info] [golang.go]: Command `go.benchmark.file` already registered by Go (gattytto.go)
2024-03-06 12:04:21.979 [info] [golang.go]: Command `go.test.workspace` already registered by Go (gattytto.go)
2024-03-06 12:04:21.979 [info] [golang.go]: Command `go.test.previous` already registered by Go (gattytto.go)
2024-03-06 12:04:21.980 [info] [golang.go]: Command `go.test.coverage` already registered by Go (gattytto.go)
2024-03-06 12:04:21.980 [info] [golang.go]: Command `go.test.generate.package` already registered by Go (gattytto.go)
2024-03-06 12:04:21.980 [info] [golang.go]: Command `go.test.generate.file` already registered by Go (gattytto.go)
2024-03-06 12:04:21.980 [info] [golang.go]: Command `go.test.generate.function` already registered by Go (gattytto.go)
2024-03-06 12:04:21.980 [info] [golang.go]: Command `go.impl.cursor` already registered by Go (gattytto.go)
2024-03-06 12:04:21.981 [info] [golang.go]: Command `go.extractServerChannel` already registered by Go (gattytto.go)
2024-03-06 12:04:21.981 [info] [golang.go]: Command `go.welcome` already registered by Go (gattytto.go)
2024-03-06 12:04:21.981 [info] [golang.go]: Command `go.toggle.gc_details` already registered by Go (gattytto.go)
2024-03-06 12:04:21.981 [info] [golang.go]: Command `go.import.add` already registered by Go (gattytto.go)
2024-03-06 12:04:21.981 [info] [golang.go]: Command `go.add.package.workspace` already registered by Go (gattytto.go)
2024-03-06 12:04:21.981 [info] [golang.go]: Command `go.tools.install` already registered by Go (gattytto.go)
2024-03-06 12:04:21.981 [info] [golang.go]: Command `go.toggle.test.file` already registered by Go (gattytto.go)
2024-03-06 12:04:21.982 [info] [golang.go]: Command `go.add.tags` already registered by Go (gattytto.go)
2024-03-06 12:04:21.982 [info] [golang.go]: Command `go.remove.tags` already registered by Go (gattytto.go)
2024-03-06 12:04:21.982 [info] [golang.go]: Command `go.show.commands` already registered by Go (gattytto.go)
2024-03-06 12:04:21.982 [info] [golang.go]: Command `go.browse.packages` already registered by Go (gattytto.go)
2024-03-06 12:04:21.982 [info] [golang.go]: Command `go.get.package` already registered by Go (gattytto.go)
2024-03-06 12:04:21.982 [info] [golang.go]: Command `go.playground` already registered by Go (gattytto.go)
2024-03-06 12:04:21.982 [info] [golang.go]: Command `go.lint.package` already registered by Go (gattytto.go)
2024-03-06 12:04:21.983 [info] [golang.go]: Command `go.lint.workspace` already registered by Go (gattytto.go)
2024-03-06 12:04:21.983 [info] [golang.go]: Command `go.vet.package` already registered by Go (gattytto.go)
2024-03-06 12:04:21.983 [info] [golang.go]: Command `go.vet.workspace` already registered by Go (gattytto.go)
2024-03-06 12:04:21.983 [info] [golang.go]: Command `go.build.package` already registered by Go (gattytto.go)
2024-03-06 12:04:21.983 [info] [golang.go]: Command `go.build.workspace` already registered by Go (gattytto.go)
2024-03-06 12:04:21.983 [info] [golang.go]: Command `go.install.package` already registered by Go (gattytto.go)
2024-03-06 12:04:21.984 [info] [golang.go]: Command `go.test.cancel` already registered by Go (gattytto.go)
2024-03-06 12:04:21.984 [info] [golang.go]: Command `go.apply.coverprofile` already registered by Go (gattytto.go)
2024-03-06 12:04:21.984 [info] [golang.go]: Command `go.languageserver.restart` already registered by Go (gattytto.go)
2024-03-06 12:04:21.984 [info] [golang.go]: Command `go.environment.choose` already registered by Go (gattytto.go)
2024-03-06 12:04:21.984 [info] [golang.go]: Command `go.survey.showConfig` already registered by Go (gattytto.go)
2024-03-06 12:04:21.984 [info] [golang.go]: Command `go.survey.resetConfig` already registered by Go (gattytto.go)
2024-03-06 12:04:21.984 [info] [golang.go]: Command `go.workspace.resetState` already registered by Go (gattytto.go)
2024-03-06 12:04:21.985 [info] [golang.go]: Command `go.global.resetState` already registered by Go (gattytto.go)
2024-03-06 12:05:34.627 [error] Extension 'jeanp413.open-remote-ssh CANNOT USE these API proposals 'resolvers, contribViewsRemote'. You MUST start in extension development mode or use the --enable-proposed-api command line flag
2024-03-06 12:05:34.636 [info] [golang.go]: Command `go.gopath` already registered by Go (gattytto.go)
2024-03-06 12:05:34.637 [info] [golang.go]: Command `go.locate.tools` already registered by Go (gattytto.go)
2024-03-06 12:05:34.637 [info] [golang.go]: Command `go.test.cursor` already registered by Go (gattytto.go)
2024-03-06 12:05:34.638 [info] [golang.go]: Command `go.subtest.cursor` already registered by Go (gattytto.go)
2024-03-06 12:05:34.638 [info] [golang.go]: Command `go.benchmark.cursor` already registered by Go (gattytto.go)
2024-03-06 12:05:34.638 [info] [golang.go]: Command `go.debug.cursor` already registered by Go (gattytto.go)
2024-03-06 12:05:34.639 [info] [golang.go]: Command `go.test.file` already registered by Go (gattytto.go)
2024-03-06 12:05:34.639 [info] [golang.go]: Command `go.test.package` already registered by Go (gattytto.go)
2024-03-06 12:05:34.639 [info] [golang.go]: Command `go.benchmark.package` already registered by Go (gattytto.go)
2024-03-06 12:05:34.640 [info] [golang.go]: Command `go.benchmark.file` already registered by Go (gattytto.go)
2024-03-06 12:05:34.640 [info] [golang.go]: Command `go.test.workspace` already registered by Go (gattytto.go)
2024-03-06 12:05:34.641 [info] [golang.go]: Command `go.test.previous` already registered by Go (gattytto.go)
2024-03-06 12:05:34.641 [info] [golang.go]: Command `go.test.coverage` already registered by Go (gattytto.go)
2024-03-06 12:05:34.642 [info] [golang.go]: Command `go.test.generate.package` already registered by Go (gattytto.go)
2024-03-06 12:05:34.642 [info] [golang.go]: Command `go.test.generate.file` already registered by Go (gattytto.go)
2024-03-06 12:05:34.643 [info] [golang.go]: Command `go.test.generate.function` already registered by Go (gattytto.go)
2024-03-06 12:05:34.643 [info] [golang.go]: Command `go.impl.cursor` already registered by Go (gattytto.go)
2024-03-06 12:05:34.644 [info] [golang.go]: Command `go.extractServerChannel` already registered by Go (gattytto.go)
2024-03-06 12:05:34.644 [info] [golang.go]: Command `go.welcome` already registered by Go (gattytto.go)
2024-03-06 12:05:34.645 [info] [golang.go]: Command `go.toggle.gc_details` already registered by Go (gattytto.go)
2024-03-06 12:05:34.645 [info] [golang.go]: Command `go.import.add` already registered by Go (gattytto.go)
2024-03-06 12:05:34.646 [info] [golang.go]: Command `go.add.package.workspace` already registered by Go (gattytto.go)
2024-03-06 12:05:34.646 [info] [golang.go]: Command `go.tools.install` already registered by Go (gattytto.go)
2024-03-06 12:05:34.646 [info] [golang.go]: Command `go.toggle.test.file` already registered by Go (gattytto.go)
2024-03-06 12:05:34.647 [info] [golang.go]: Command `go.add.tags` already registered by Go (gattytto.go)
2024-03-06 12:05:34.648 [info] [golang.go]: Command `go.remove.tags` already registered by Go (gattytto.go)
2024-03-06 12:05:34.648 [info] [golang.go]: Command `go.show.commands` already registered by Go (gattytto.go)
2024-03-06 12:05:34.649 [info] [golang.go]: Command `go.browse.packages` already registered by Go (gattytto.go)
2024-03-06 12:05:34.649 [info] [golang.go]: Command `go.get.package` already registered by Go (gattytto.go)
2024-03-06 12:05:34.650 [info] [golang.go]: Command `go.playground` already registered by Go (gattytto.go)
2024-03-06 12:05:34.650 [info] [golang.go]: Command `go.lint.package` already registered by Go (gattytto.go)
2024-03-06 12:05:34.652 [info] [golang.go]: Command `go.lint.workspace` already registered by Go (gattytto.go)
2024-03-06 12:05:34.653 [info] [golang.go]: Command `go.vet.package` already registered by Go (gattytto.go)
2024-03-06 12:05:34.653 [info] [golang.go]: Command `go.vet.workspace` already registered by Go (gattytto.go)
2024-03-06 12:05:34.653 [info] [golang.go]: Command `go.build.package` already registered by Go (gattytto.go)
2024-03-06 12:05:34.655 [info] [golang.go]: Command `go.build.workspace` already registered by Go (gattytto.go)
2024-03-06 12:05:34.655 [info] [golang.go]: Command `go.install.package` already registered by Go (gattytto.go)
2024-03-06 12:05:34.655 [info] [golang.go]: Command `go.test.cancel` already registered by Go (gattytto.go)
2024-03-06 12:05:34.656 [info] [golang.go]: Command `go.apply.coverprofile` already registered by Go (gattytto.go)
2024-03-06 12:05:34.656 [info] [golang.go]: Command `go.languageserver.restart` already registered by Go (gattytto.go)
2024-03-06 12:05:34.657 [info] [golang.go]: Command `go.environment.choose` already registered by Go (gattytto.go)
2024-03-06 12:05:34.657 [info] [golang.go]: Command `go.survey.showConfig` already registered by Go (gattytto.go)
2024-03-06 12:05:34.657 [info] [golang.go]: Command `go.survey.resetConfig` already registered by Go (gattytto.go)
2024-03-06 12:05:34.658 [info] [golang.go]: Command `go.workspace.resetState` already registered by Go (gattytto.go)
2024-03-06 12:05:34.658 [info] [golang.go]: Command `go.global.resetState` already registered by Go (gattytto.go)
2024-03-06 12:05:34.659 [warning] [jeanp413.open-remote-ssh]: View container 'remote' requires 'enabledApiProposals: ["contribViewsRemote"]' to be added to 'Remote'.
