2024-03-06 12:04:03.296 [info] Added views:workbench.panel.markers.view in workbench.panel.markers
2024-03-06 12:04:03.296 [info] Added views:workbench.panel.output in workbench.panel.output
2024-03-06 12:04:03.296 [info] Added views:terminal in terminal
2024-03-06 12:04:03.296 [info] Added views:outline in workbench.view.explorer
2024-03-06 12:04:03.296 [info] Added views:workbench.scm in workbench.view.scm
2024-03-06 12:04:03.296 [info] Added views:workbench.view.search in workbench.view.search
2024-03-06 12:04:03.296 [info] Added views:timeline in workbench.view.explorer
2024-03-06 12:04:03.296 [info] Added views:workbench.explorer.emptyView in workbench.view.explorer
2024-03-06 12:04:03.936 [info] Added views:workbench.debug.welcome in workbench.view.debug
2024-03-06 12:04:03.987 [info] Added views:workbench.panel.repl.view in workbench.panel.repl
2024-03-06 12:04:04.069 [info] Added views:~remote.forwardedPorts in ~remote.forwardedPortsContainer
2024-03-06 12:04:17.136 [info] Added views:workbench.panel.markers.view in workbench.panel.markers
2024-03-06 12:04:17.136 [info] Added views:workbench.panel.output in workbench.panel.output
2024-03-06 12:04:17.136 [info] Added views:terminal in terminal
2024-03-06 12:04:17.136 [info] Added views:outline in workbench.view.explorer
2024-03-06 12:04:17.136 [info] Added views:workbench.scm in workbench.view.scm
2024-03-06 12:04:17.136 [info] Added views:workbench.view.search in workbench.view.search
2024-03-06 12:04:17.136 [info] Added views:timeline in workbench.view.explorer
2024-03-06 12:04:17.136 [info] Added views:workbench.explorer.fileView in workbench.view.explorer
2024-03-06 12:04:17.435 [info] Added views:workbench.debug.variablesView,workbench.debug.watchExpressionsView,workbench.debug.callStackView,workbench.debug.breakPointsView in workbench.view.debug
2024-03-06 12:04:17.501 [info] Added views:~remote.forwardedPorts in ~remote.forwardedPortsContainer
2024-03-06 12:04:17.728 [info] Added views:workbench.panel.repl.view in workbench.panel.repl
2024-03-06 12:04:17.730 [info] Removed views:workbench.debug.breakPointsView,workbench.debug.callStackView,workbench.debug.watchExpressionsView,workbench.debug.variablesView from workbench.view.debug
2024-03-06 12:04:17.730 [info] Added views:workbench.debug.welcome in workbench.view.debug
2024-03-06 12:05:19.035 [info] Added views:workbench.views.extensions.installed,workbench.views.extensions.popular,extensions.recommendedList in workbench.view.extensions
2024-03-06 12:05:19.037 [info] Removed views:workbench.views.extensions.popular from workbench.view.extensions
2024-03-06 12:05:24.687 [info] Removed views:extensions.recommendedList,workbench.views.extensions.installed from workbench.view.extensions
2024-03-06 12:05:24.694 [info] Added views:workbench.views.extensions.marketplace in workbench.view.extensions
2024-03-06 12:05:55.006 [info] Removed views:workbench.views.extensions.marketplace from workbench.view.extensions
2024-03-06 12:05:55.015 [info] Added views:workbench.views.extensions.installed,extensions.recommendedList in workbench.view.extensions
