2024-02-24 11:57:50.024 [info] Started local extension host with pid 15770.
2024-02-24 11:57:53.463 [info] [perf] Render performance baseline is 164ms
2024-02-24 11:59:29.751 [info] Started local extension host with pid 16015.
2024-02-24 11:59:33.413 [info] [perf] Render performance baseline is 162ms
2024-02-24 12:05:01.268 [warning] [gattytto.go]: Cannot register 'go.buildOnSave'. This property is already registered.
2024-02-24 12:05:01.269 [warning] [gattytto.go]: Cannot register 'go.buildFlags'. This property is already registered.
2024-02-24 12:05:01.269 [warning] [gattytto.go]: Cannot register 'go.buildTags'. This property is already registered.
2024-02-24 12:05:01.269 [warning] [gattytto.go]: Cannot register 'go.testTags'. This property is already registered.
2024-02-24 12:05:01.269 [warning] [gattytto.go]: Cannot register 'go.disableConcurrentTests'. This property is already registered.
2024-02-24 12:05:01.270 [warning] [gattytto.go]: Cannot register 'go.installDependenciesWhenBuilding'. This property is already registered.
2024-02-24 12:05:01.270 [warning] [gattytto.go]: Cannot register 'go.lintOnSave'. This property is already registered.
2024-02-24 12:05:01.270 [warning] [gattytto.go]: Cannot register 'go.lintTool'. This property is already registered.
2024-02-24 12:05:01.270 [warning] [gattytto.go]: Cannot register 'go.lintFlags'. This property is already registered.
2024-02-24 12:05:01.271 [warning] [gattytto.go]: Cannot register 'go.vetOnSave'. This property is already registered.
2024-02-24 12:05:01.271 [warning] [gattytto.go]: Cannot register 'go.vetFlags'. This property is already registered.
2024-02-24 12:05:01.271 [warning] [gattytto.go]: Cannot register 'go.formatTool'. This property is already registered.
2024-02-24 12:05:01.271 [warning] [gattytto.go]: Cannot register 'go.formatFlags'. This property is already registered.
2024-02-24 12:05:01.272 [warning] [gattytto.go]: Cannot register 'go.inferGopath'. This property is already registered.
2024-02-24 12:05:01.272 [warning] [gattytto.go]: Cannot register 'go.gopath'. This property is already registered.
2024-02-24 12:05:01.272 [warning] [gattytto.go]: Cannot register 'go.toolsGopath'. This property is already registered.
2024-02-24 12:05:01.272 [warning] [gattytto.go]: Cannot register 'go.goroot'. This property is already registered.
2024-02-24 12:05:01.272 [warning] [gattytto.go]: Cannot register 'go.testOnSave'. This property is already registered.
2024-02-24 12:05:01.273 [warning] [gattytto.go]: Cannot register 'go.coverOnSave'. This property is already registered.
2024-02-24 12:05:01.273 [warning] [gattytto.go]: Cannot register 'go.coverOnTestPackage'. This property is already registered.
2024-02-24 12:05:01.273 [warning] [gattytto.go]: Cannot register 'go.coverOnSingleTest'. This property is already registered.
2024-02-24 12:05:01.273 [warning] [gattytto.go]: Cannot register 'go.coverOnSingleTestFile'. This property is already registered.
2024-02-24 12:05:01.273 [warning] [gattytto.go]: Cannot register 'go.coverMode'. This property is already registered.
2024-02-24 12:05:01.274 [warning] [gattytto.go]: Cannot register 'go.coverShowCounts'. This property is already registered.
2024-02-24 12:05:01.274 [warning] [gattytto.go]: Cannot register 'go.coverageOptions'. This property is already registered.
2024-02-24 12:05:01.274 [warning] [gattytto.go]: Cannot register 'go.coverageDecorator'. This property is already registered.
2024-02-24 12:05:01.274 [warning] [gattytto.go]: Cannot register 'go.testTimeout'. This property is already registered.
2024-02-24 12:05:01.274 [warning] [gattytto.go]: Cannot register 'go.testEnvVars'. This property is already registered.
2024-02-24 12:05:01.274 [warning] [gattytto.go]: Cannot register 'go.testEnvFile'. This property is already registered.
2024-02-24 12:05:01.275 [warning] [gattytto.go]: Cannot register 'go.testFlags'. This property is already registered.
2024-02-24 12:05:01.275 [warning] [gattytto.go]: Cannot register 'go.generateTestsFlags'. This property is already registered.
2024-02-24 12:05:01.275 [warning] [gattytto.go]: Cannot register 'go.toolsEnvVars'. This property is already registered.
2024-02-24 12:05:01.275 [warning] [gattytto.go]: Cannot register 'go.useLanguageServer'. This property is already registered.
2024-02-24 12:05:01.275 [warning] [gattytto.go]: Cannot register 'go.languageServerFlags'. This property is already registered.
2024-02-24 12:05:01.276 [warning] [gattytto.go]: Cannot register 'go.trace.server'. This property is already registered.
2024-02-24 12:05:01.276 [warning] [gattytto.go]: Cannot register 'go.logging.level'. This property is already registered.
2024-02-24 12:05:01.276 [warning] [gattytto.go]: Cannot register 'go.toolsManagement.checkForUpdates'. This property is already registered.
2024-02-24 12:05:01.276 [warning] [gattytto.go]: Cannot register 'go.toolsManagement.autoUpdate'. This property is already registered.
2024-02-24 12:05:01.276 [warning] [gattytto.go]: Cannot register 'go.enableCodeLens'. This property is already registered.
2024-02-24 12:05:01.276 [warning] [gattytto.go]: Cannot register 'go.addTags'. This property is already registered.
2024-02-24 12:05:01.277 [warning] [gattytto.go]: Cannot register 'go.removeTags'. This property is already registered.
2024-02-24 12:05:01.277 [warning] [gattytto.go]: Cannot register 'go.playground'. This property is already registered.
2024-02-24 12:05:01.277 [warning] [gattytto.go]: Cannot register 'go.editorContextMenuCommands'. This property is already registered.
2024-02-24 12:05:01.277 [warning] [gattytto.go]: Cannot register 'go.delveConfig'. This property is already registered.
2024-02-24 12:05:01.278 [warning] [gattytto.go]: Cannot register 'go.alternateTools'. This property is already registered.
2024-02-24 12:05:01.278 [warning] [gattytto.go]: Cannot register 'gopls'. This property is already registered.
2024-02-24 12:05:01.284 [info] [golang.go]: Command `go.gopath` already registered by Go (gattytto.go)
2024-02-24 12:05:01.286 [info] [golang.go]: Command `go.locate.tools` already registered by Go (gattytto.go)
2024-02-24 12:05:01.289 [info] [golang.go]: Command `go.test.cursor` already registered by Go (gattytto.go)
2024-02-24 12:05:01.290 [info] [golang.go]: Command `go.subtest.cursor` already registered by Go (gattytto.go)
2024-02-24 12:05:01.290 [info] [golang.go]: Command `go.benchmark.cursor` already registered by Go (gattytto.go)
2024-02-24 12:05:01.290 [info] [golang.go]: Command `go.debug.cursor` already registered by Go (gattytto.go)
2024-02-24 12:05:01.291 [info] [golang.go]: Command `go.test.file` already registered by Go (gattytto.go)
2024-02-24 12:05:01.291 [info] [golang.go]: Command `go.test.package` already registered by Go (gattytto.go)
2024-02-24 12:05:01.293 [info] [golang.go]: Command `go.benchmark.package` already registered by Go (gattytto.go)
2024-02-24 12:05:01.294 [info] [golang.go]: Command `go.benchmark.file` already registered by Go (gattytto.go)
2024-02-24 12:05:01.295 [info] [golang.go]: Command `go.test.workspace` already registered by Go (gattytto.go)
2024-02-24 12:05:01.295 [info] [golang.go]: Command `go.test.previous` already registered by Go (gattytto.go)
2024-02-24 12:05:01.295 [info] [golang.go]: Command `go.test.coverage` already registered by Go (gattytto.go)
2024-02-24 12:05:01.296 [info] [golang.go]: Command `go.test.generate.package` already registered by Go (gattytto.go)
2024-02-24 12:05:01.296 [info] [golang.go]: Command `go.test.generate.file` already registered by Go (gattytto.go)
2024-02-24 12:05:01.296 [info] [golang.go]: Command `go.test.generate.function` already registered by Go (gattytto.go)
2024-02-24 12:05:01.297 [info] [golang.go]: Command `go.impl.cursor` already registered by Go (gattytto.go)
2024-02-24 12:05:01.298 [info] [golang.go]: Command `go.extractServerChannel` already registered by Go (gattytto.go)
2024-02-24 12:05:01.298 [info] [golang.go]: Command `go.welcome` already registered by Go (gattytto.go)
2024-02-24 12:05:01.299 [info] [golang.go]: Command `go.toggle.gc_details` already registered by Go (gattytto.go)
2024-02-24 12:05:01.299 [info] [golang.go]: Command `go.import.add` already registered by Go (gattytto.go)
2024-02-24 12:05:01.300 [info] [golang.go]: Command `go.add.package.workspace` already registered by Go (gattytto.go)
2024-02-24 12:05:01.300 [info] [golang.go]: Command `go.tools.install` already registered by Go (gattytto.go)
2024-02-24 12:05:01.300 [info] [golang.go]: Command `go.toggle.test.file` already registered by Go (gattytto.go)
2024-02-24 12:05:01.301 [info] [golang.go]: Command `go.add.tags` already registered by Go (gattytto.go)
2024-02-24 12:05:01.302 [info] [golang.go]: Command `go.remove.tags` already registered by Go (gattytto.go)
2024-02-24 12:05:01.302 [info] [golang.go]: Command `go.show.commands` already registered by Go (gattytto.go)
2024-02-24 12:05:01.303 [info] [golang.go]: Command `go.browse.packages` already registered by Go (gattytto.go)
2024-02-24 12:05:01.304 [info] [golang.go]: Command `go.get.package` already registered by Go (gattytto.go)
2024-02-24 12:05:01.304 [info] [golang.go]: Command `go.playground` already registered by Go (gattytto.go)
2024-02-24 12:05:01.304 [info] [golang.go]: Command `go.lint.package` already registered by Go (gattytto.go)
2024-02-24 12:05:01.305 [info] [golang.go]: Command `go.lint.workspace` already registered by Go (gattytto.go)
2024-02-24 12:05:01.305 [info] [golang.go]: Command `go.vet.package` already registered by Go (gattytto.go)
2024-02-24 12:05:01.305 [info] [golang.go]: Command `go.vet.workspace` already registered by Go (gattytto.go)
2024-02-24 12:05:01.306 [info] [golang.go]: Command `go.build.package` already registered by Go (gattytto.go)
2024-02-24 12:05:01.306 [info] [golang.go]: Command `go.build.workspace` already registered by Go (gattytto.go)
2024-02-24 12:05:01.307 [info] [golang.go]: Command `go.install.package` already registered by Go (gattytto.go)
2024-02-24 12:05:01.308 [info] [golang.go]: Command `go.test.cancel` already registered by Go (gattytto.go)
2024-02-24 12:05:01.308 [info] [golang.go]: Command `go.apply.coverprofile` already registered by Go (gattytto.go)
2024-02-24 12:05:01.308 [info] [golang.go]: Command `go.languageserver.restart` already registered by Go (gattytto.go)
2024-02-24 12:05:01.308 [info] [golang.go]: Command `go.environment.choose` already registered by Go (gattytto.go)
2024-02-24 12:05:01.309 [info] [golang.go]: Command `go.survey.showConfig` already registered by Go (gattytto.go)
2024-02-24 12:05:01.309 [info] [golang.go]: Command `go.survey.resetConfig` already registered by Go (gattytto.go)
2024-02-24 12:05:01.309 [info] [golang.go]: Command `go.workspace.resetState` already registered by Go (gattytto.go)
2024-02-24 12:05:01.309 [info] [golang.go]: Command `go.global.resetState` already registered by Go (gattytto.go)
