2024-02-24 11:57:49.927 [info] Added views:workbench.panel.markers.view in workbench.panel.markers
2024-02-24 11:57:49.927 [info] Added views:workbench.panel.output in workbench.panel.output
2024-02-24 11:57:49.927 [info] Added views:terminal in terminal
2024-02-24 11:57:49.927 [info] Added views:outline in workbench.view.explorer
2024-02-24 11:57:49.927 [info] Added views:workbench.scm in workbench.view.scm
2024-02-24 11:57:49.927 [info] Added views:workbench.view.search in workbench.view.search
2024-02-24 11:57:49.927 [info] Added views:timeline in workbench.view.explorer
2024-02-24 11:57:49.927 [info] Added views:workbench.explorer.emptyView in workbench.view.explorer
2024-02-24 11:57:50.306 [info] Added views:workbench.debug.welcome in workbench.view.debug
2024-02-24 11:57:50.409 [info] Added views:~remote.forwardedPorts in ~remote.forwardedPortsContainer
2024-02-24 11:57:50.538 [info] Added views:workbench.panel.repl.view in workbench.panel.repl
2024-02-24 11:59:23.835 [info] Added views:workbench.views.extensions.installed,workbench.views.extensions.popular,extensions.recommendedList in workbench.view.extensions
2024-02-24 11:59:23.838 [info] Removed views:workbench.views.extensions.popular from workbench.view.extensions
2024-02-24 11:59:29.710 [info] Added views:workbench.panel.markers.view in workbench.panel.markers
2024-02-24 11:59:29.710 [info] Added views:workbench.panel.output in workbench.panel.output
2024-02-24 11:59:29.710 [info] Added views:terminal in terminal
2024-02-24 11:59:29.710 [info] Added views:outline in workbench.view.explorer
2024-02-24 11:59:29.710 [info] Added views:workbench.scm in workbench.view.scm
2024-02-24 11:59:29.710 [info] Added views:workbench.view.search in workbench.view.search
2024-02-24 11:59:29.710 [info] Added views:timeline in workbench.view.explorer
2024-02-24 11:59:29.710 [info] Added views:workbench.explorer.emptyView in workbench.view.explorer
2024-02-24 11:59:30.163 [info] Added views:workbench.debug.welcome in workbench.view.debug
2024-02-24 11:59:30.407 [info] Added views:~remote.forwardedPorts in ~remote.forwardedPortsContainer
2024-02-24 11:59:30.416 [info] Added views:workbench.panel.repl.view in workbench.panel.repl
2024-02-24 11:59:30.520 [info] Added views:workbench.views.extensions.installed,extensions.recommendedList in workbench.view.extensions
2024-02-24 12:03:48.387 [info] Removed views:extensions.recommendedList,workbench.views.extensions.installed from workbench.view.extensions
2024-02-24 12:03:48.401 [info] Added views:workbench.views.extensions.marketplace in workbench.view.extensions
