2023-12-30 01:30:00 Loading main app package /usr/lib/obsidian/obsidian.asar
2023-12-30 01:30:00 Checking for update using Github
2023-12-30 01:30:00 Success.
2023-12-30 01:30:00 Latest version is 1.5.3
2023-12-30 01:30:00 App is up to date.
2024-01-02 00:10:40 Loading main app package /usr/lib/obsidian/obsidian.asar
2024-01-02 00:10:40 Checking for update using Github
2024-01-02 00:10:41 Success.
2024-01-02 00:10:41 Latest version is 1.5.3
2024-01-02 00:10:41 App is up to date.
2024-01-02 00:34:13 Loading main app package /usr/lib/obsidian/obsidian.asar
2024-01-02 00:34:14 Checking for update using Github
2024-01-02 00:34:14 Success.
2024-01-02 00:34:14 Latest version is 1.5.3
2024-01-02 00:34:14 App is up to date.
2024-01-02 01:52:25 Loading main app package /usr/lib/obsidian/obsidian.asar
2024-01-02 01:52:27 Checking for update using Github
2024-01-02 01:52:27 Success.
2024-01-02 01:52:27 Latest version is 1.5.3
2024-01-02 01:52:27 App is up to date.
2024-01-02 01:53:05 Loading main app package /usr/lib/obsidian/obsidian.asar
2024-01-02 01:53:05 Checking for update using Github
2024-01-02 01:53:05 Success.
2024-01-02 01:53:05 Latest version is 1.5.3
2024-01-02 01:53:05 App is up to date.
2024-01-02 01:53:24 Loading main app package /usr/lib/obsidian/obsidian.asar
2024-01-02 01:53:24 Checking for update using Github
2024-01-02 01:53:24 Success.
2024-01-02 01:53:24 Latest version is 1.5.3
2024-01-02 01:53:24 App is up to date.
2024-01-02 01:58:08 Loading main app package /usr/lib/obsidian/obsidian.asar
2024-01-02 01:58:08 Checking for update using Github
2024-01-02 01:58:08 Success.
2024-01-02 01:58:08 Latest version is 1.5.3
2024-01-02 01:58:08 App is up to date.
2024-01-02 02:02:52 Loading main app package /usr/lib/obsidian/obsidian.asar
2024-01-02 02:02:52 Checking for update using Github
2024-01-02 02:02:52 Success.
2024-01-02 02:02:52 Latest version is 1.5.3
2024-01-02 02:02:52 App is up to date.
2024-01-02 02:08:35 Loading main app package /usr/lib/obsidian/obsidian.asar
2024-01-02 02:08:36 Checking for update using Github
2024-01-02 02:08:36 Success.
2024-01-02 02:08:36 Latest version is 1.5.3
2024-01-02 02:08:36 App is up to date.
2024-01-02 02:16:11 Loading main app package /usr/lib/obsidian/obsidian.asar
2024-01-02 02:16:11 Checking for update using Github
2024-01-02 02:16:11 Success.
2024-01-02 02:16:11 Latest version is 1.5.3
2024-01-02 02:16:11 App is up to date.
2024-01-02 04:02:15 Loading main app package /usr/lib/obsidian/obsidian.asar
2024-01-02 04:02:15 Checking for update using Github
2024-01-02 04:02:16 Success.
2024-01-02 04:02:16 Latest version is 1.5.3
2024-01-02 04:02:16 App is up to date.
2024-01-02 23:07:25 Loading main app package /usr/lib/obsidian/obsidian.asar
2024-01-02 23:07:25 Checking for update using Github
2024-01-02 23:07:25 Success.
2024-01-02 23:07:25 Latest version is 1.5.3
2024-01-02 23:07:25 App is up to date.
2024-01-03 00:07:25 Checking for update using Github
2024-01-03 00:07:25 Success.
2024-01-03 00:07:25 Latest version is 1.5.3
2024-01-03 00:07:25 App is up to date.
2024-01-03 01:07:25 Checking for update using Github
2024-01-03 01:07:26 Success.
2024-01-03 01:07:26 Latest version is 1.5.3
2024-01-03 01:07:26 App is up to date.
2024-01-03 01:52:09 Loading main app package /usr/lib/obsidian/obsidian.asar
2024-01-03 01:52:09 Checking for update using Github
2024-01-03 01:52:09 Success.
2024-01-03 01:52:09 Latest version is 1.5.3
2024-01-03 01:52:09 App is up to date.
2024-01-03 22:34:27 Loading main app package /usr/lib/obsidian/obsidian.asar
2024-01-03 22:34:28 Checking for update using Github
2024-01-03 22:34:28 Success.
2024-01-03 22:34:28 Latest version is 1.5.3
2024-01-03 22:34:28 App is up to date.
2024-01-03 23:34:27 Checking for update using Github
2024-01-03 23:34:28 Success.
2024-01-03 23:34:28 Latest version is 1.5.3
2024-01-03 23:34:28 App is up to date.
2024-01-04 00:34:27 Checking for update using Github
2024-01-04 00:34:28 Success.
2024-01-04 00:34:28 Latest version is 1.5.3
2024-01-04 00:34:28 App is up to date.
2024-01-04 01:34:28 Checking for update using Github
2024-01-04 01:34:28 Success.
2024-01-04 01:34:28 Latest version is 1.5.3
2024-01-04 01:34:28 App is up to date.
2024-01-05 23:47:15 Loading main app package /usr/lib/obsidian/obsidian.asar
2024-01-05 23:47:15 Checking for update using Github
2024-01-05 23:47:16 Success.
2024-01-05 23:47:16 Latest version is 1.5.3
2024-01-05 23:47:16 App is up to date.
2024-01-06 01:40:01 Loading main app package /usr/lib/obsidian/obsidian.asar
2024-01-06 01:40:02 Checking for update using Github
2024-01-06 01:40:02 Success.
2024-01-06 01:40:02 Latest version is 1.5.3
2024-01-06 01:40:02 App is up to date.
2024-01-06 02:40:01 Checking for update using Github
2024-01-06 02:40:02 Success.
2024-01-06 02:40:02 Latest version is 1.5.3
2024-01-06 02:40:02 App is up to date.
2024-01-06 03:40:02 Checking for update using Github
2024-01-06 03:40:02 Success.
2024-01-06 03:40:02 Latest version is 1.5.3
2024-01-06 03:40:02 App is up to date.
2024-01-07 00:38:12 Loading main app package /usr/lib/obsidian/obsidian.asar
2024-01-07 00:38:13 Checking for update using Github
2024-01-07 00:38:13 Success.
2024-01-07 00:38:13 Latest version is 1.5.3
2024-01-07 00:38:13 App is up to date.
2024-01-07 01:38:12 Checking for update using Github
2024-01-07 01:38:12 Success.
2024-01-07 01:38:12 Latest version is 1.5.3
2024-01-07 01:38:12 App is up to date.
2024-01-07 02:38:12 Checking for update using Github
2024-01-07 02:38:13 Success.
2024-01-07 02:38:13 Latest version is 1.5.3
2024-01-07 02:38:13 App is up to date.
2024-01-07 03:00:26 Loading main app package /usr/lib/obsidian/obsidian.asar
2024-01-07 03:00:26 Checking for update using Github
2024-01-07 03:00:27 Success.
2024-01-07 03:00:27 Latest version is 1.5.3
2024-01-07 03:00:27 App is up to date.
2024-01-07 03:28:05 Loading main app package /usr/lib/obsidian/obsidian.asar
2024-01-07 03:28:06 Checking for update using Github
2024-01-07 03:28:06 Success.
2024-01-07 03:28:06 Latest version is 1.5.3
2024-01-07 03:28:06 App is up to date.
2024-01-08 02:54:23 Loading main app package /usr/lib/obsidian/obsidian.asar
2024-01-08 02:54:23 Checking for update using Github
2024-01-08 02:54:23 Success.
2024-01-08 02:54:23 Latest version is 1.5.3
2024-01-08 02:54:23 App is up to date.
2024-01-08 03:54:23 Checking for update using Github
2024-01-08 03:54:24 Success.
2024-01-08 03:54:24 Latest version is 1.5.3
2024-01-08 03:54:24 App is up to date.
2024-01-23 17:21:51 Loading main app package /usr/lib/obsidian/obsidian.asar
2024-01-23 17:21:51 Checking for update using Github
2024-01-23 17:21:51 Success.
2024-01-23 17:21:51 Latest version is 1.5.3
2024-01-23 17:21:51 App is up to date.
2024-01-25 14:51:43 Loading main app package /usr/lib/obsidian/obsidian.asar
2024-01-25 14:51:44 Checking for update using Github
2024-01-25 14:51:44 Success.
2024-01-25 14:51:44 Latest version is 1.5.3
2024-01-25 14:51:44 App is up to date.
2024-02-07 13:10:53 Loading main app package /usr/lib/obsidian/obsidian.asar
2024-02-07 13:10:53 Checking for update using Github
2024-02-07 13:10:58 Success.
2024-02-07 13:10:58 Latest version is 1.5.3
2024-02-07 13:10:58 App is up to date.
2024-02-07 14:10:53 Checking for update using Github
2024-02-07 14:10:53 Success.
2024-02-07 14:10:53 Latest version is 1.5.3
2024-02-07 14:10:53 App is up to date.
2024-02-07 15:10:53 Checking for update using Github
2024-02-07 15:10:53 Success.
2024-02-07 15:10:53 Latest version is 1.5.3
2024-02-07 15:10:53 App is up to date.
2024-02-07 16:10:53 Checking for update using Github
2024-02-07 16:10:53 Success.
2024-02-07 16:10:53 Latest version is 1.5.3
2024-02-07 16:10:53 App is up to date.
2024-02-07 17:10:53 Checking for update using Github
2024-02-07 17:10:53 Success.
2024-02-07 17:10:53 Latest version is 1.5.3
2024-02-07 17:10:53 App is up to date.
2024-02-07 18:10:53 Checking for update using Github
2024-02-07 18:11:28 Failed to check for update using Github (net::ERR_NAME_NOT_RESOLVED)
2024-02-07 18:11:28 Checking for update using obsidian.md
2024-02-07 18:11:44 Failed to check for update using obsidian.md (net::ERR_NAME_NOT_RESOLVED)
2024-02-07 19:10:53 Checking for update using Github
2024-02-07 19:11:33 Failed to check for update using Github (net::ERR_NAME_NOT_RESOLVED)
2024-02-07 19:11:33 Checking for update using obsidian.md
2024-02-07 19:12:13 Failed to check for update using obsidian.md (net::ERR_NAME_NOT_RESOLVED)
2024-02-07 20:10:53 Checking for update using Github
2024-02-07 20:11:29 Failed to check for update using Github (net::ERR_NAME_NOT_RESOLVED)
2024-02-07 20:11:29 Checking for update using obsidian.md
2024-02-07 20:12:09 Failed to check for update using obsidian.md (net::ERR_NAME_NOT_RESOLVED)
2024-02-13 19:09:16 Loading main app package /usr/lib/obsidian/obsidian.asar
2024-02-13 19:09:16 Checking for update using Github
2024-02-13 19:09:16 Success.
2024-02-13 19:09:16 Latest version is 1.5.3
2024-02-13 19:09:16 App is up to date.
2024-02-13 20:09:16 Checking for update using Github
2024-02-13 20:09:32 Success.
2024-02-13 20:09:32 Latest version is 1.5.3
2024-02-13 20:09:32 App is up to date.
2024-02-13 21:09:16 Checking for update using Github
2024-02-13 21:09:16 Success.
2024-02-13 21:09:16 Latest version is 1.5.3
2024-02-13 21:09:16 App is up to date.
2024-02-13 22:09:16 Checking for update using Github
2024-02-13 22:09:16 Success.
2024-02-13 22:09:16 Latest version is 1.5.3
2024-02-13 22:09:16 App is up to date.
2024-02-14 16:06:46 Loading main app package /usr/lib/obsidian/obsidian.asar
2024-02-14 16:06:47 Checking for update using Github
2024-02-14 16:06:47 Success.
2024-02-14 16:06:47 Latest version is 1.5.3
2024-02-14 16:06:47 App is up to date.
2024-02-14 17:06:46 Checking for update using Github
2024-02-14 17:06:47 Success.
2024-02-14 17:06:47 Latest version is 1.5.3
2024-02-14 17:06:47 App is up to date.
2024-02-14 18:06:47 Checking for update using Github
2024-02-14 18:06:47 Success.
2024-02-14 18:06:47 Latest version is 1.5.3
2024-02-14 18:06:47 App is up to date.
2024-02-14 19:06:47 Checking for update using Github
2024-02-14 19:06:47 Success.
2024-02-14 19:06:47 Latest version is 1.5.3
2024-02-14 19:06:47 App is up to date.
2024-02-14 20:06:47 Checking for update using Github
2024-02-14 20:06:47 Success.
2024-02-14 20:06:47 Latest version is 1.5.3
2024-02-14 20:06:47 App is up to date.
2024-02-14 21:06:47 Checking for update using Github
2024-02-14 21:06:47 Success.
2024-02-14 21:06:47 Latest version is 1.5.3
2024-02-14 21:06:47 App is up to date.
2024-02-14 22:06:47 Checking for update using Github
2024-02-14 22:06:47 Success.
2024-02-14 22:06:47 Latest version is 1.5.3
2024-02-14 22:06:47 App is up to date.
2024-02-16 15:12:51 Loading main app package /usr/lib/obsidian/obsidian.asar
2024-02-16 15:12:51 Checking for update using Github
2024-02-16 15:12:52 Success.
2024-02-16 15:12:52 Latest version is 1.5.3
2024-02-16 15:12:52 App is up to date.
2024-02-16 16:12:51 Checking for update using Github
2024-02-16 16:12:51 Success.
2024-02-16 16:12:51 Latest version is 1.5.3
2024-02-16 16:12:51 App is up to date.
2024-02-16 20:06:00 Checking for update using Github
2024-02-16 20:06:00 Success.
2024-02-16 20:06:00 Latest version is 1.5.3
2024-02-16 20:06:00 App is up to date.
2024-02-22 16:39:29 Loading main app package /usr/lib/obsidian/obsidian.asar
2024-02-22 16:39:29 Checking for update using Github
2024-02-22 16:39:30 Success.
2024-02-22 16:39:30 Latest version is 1.5.8
2024-02-22 16:39:30 Downloading update from https://github.com/obsidianmd/obsidian-releases/releases/download/v1.5.8/obsidian-1.5.8.asar.gz
2024-02-22 16:39:36 Verifying hash & signature. Size= 8652806
2024-02-22 16:39:36 Saving file
2024-02-22 16:39:36 Update complete.
2024-02-24 16:52:40 Loading main app package /usr/lib/obsidian/obsidian.asar
2024-02-24 16:52:41 Checking for update using Github
2024-02-24 16:52:41 Success.
2024-02-24 16:52:41 Latest version is 1.5.8
2024-02-24 16:52:41 App is up to date.
2024-02-24 16:57:41 Loading main app package /usr/lib/obsidian/obsidian.asar
2024-02-24 16:57:41 Checking for update using Github
2024-02-26 14:49:07 Loading main app package /usr/lib/obsidian/obsidian.asar
2024-02-26 14:49:08 Checking for update using Github
2024-02-26 14:49:08 Success.
2024-02-26 14:49:08 Latest version is 1.5.8
2024-02-26 14:49:08 App is up to date.
2024-02-29 20:38:24 Loading main app package /usr/lib/obsidian/obsidian.asar
2024-02-29 20:38:24 Checking for update using Github
2024-02-29 20:38:24 Success.
2024-02-29 20:38:24 Latest version is 1.5.8
2024-02-29 20:38:24 App is up to date.
2024-03-06 20:01:14 Loading main app package /usr/lib/obsidian/obsidian.asar
2024-03-06 20:01:14 Checking for update using Github
2024-03-06 20:01:14 Success.
2024-03-06 20:01:14 Latest version is 1.5.8
2024-03-06 20:01:14 App is up to date.
2024-03-07 16:31:02 Loading main app package /usr/lib/obsidian/obsidian.asar
2024-03-07 16:31:02 Checking for update using Github
2024-03-07 16:31:02 Success.
2024-03-07 16:31:02 Latest version is 1.5.8
2024-03-07 16:31:02 App is up to date.
2024-03-07 17:02:43 Loading main app package /usr/lib/obsidian/obsidian.asar
2024-03-07 17:02:44 Checking for update using Github
2024-03-07 17:02:44 Success.
2024-03-07 17:02:44 Latest version is 1.5.8
2024-03-07 17:02:44 App is up to date.
