2024-03-06 15:01:20.773 [info] Added views:workbench.panel.markers.view in workbench.panel.markers
2024-03-06 15:01:20.773 [info] Added views:workbench.panel.output in workbench.panel.output
2024-03-06 15:01:20.773 [info] Added views:terminal in terminal
2024-03-06 15:01:20.773 [info] Added views:outline in workbench.view.explorer
2024-03-06 15:01:20.773 [info] Added views:workbench.scm in workbench.view.scm
2024-03-06 15:01:20.773 [info] Added views:workbench.view.search in workbench.view.search
2024-03-06 15:01:20.773 [info] Added views:timeline in workbench.view.explorer
2024-03-06 15:01:20.773 [info] Added views:workbench.explorer.fileView in workbench.view.explorer
2024-03-06 15:01:20.932 [info] Added views:workbench.debug.welcome in workbench.view.debug
2024-03-06 15:01:21.403 [info] Added views:workbench.panel.repl.view in workbench.panel.repl
2024-03-06 15:01:21.852 [info] Added views:~remote.forwardedPorts in ~remote.forwardedPortsContainer
2024-03-06 15:01:38.025 [info] Added views:workbench.panel.markers.view in workbench.panel.markers
2024-03-06 15:01:38.025 [info] Added views:workbench.panel.output in workbench.panel.output
2024-03-06 15:01:38.025 [info] Added views:terminal in terminal
2024-03-06 15:01:38.025 [info] Added views:outline in workbench.view.explorer
2024-03-06 15:01:38.025 [info] Added views:workbench.scm in workbench.view.scm
2024-03-06 15:01:38.025 [info] Added views:workbench.view.search in workbench.view.search
2024-03-06 15:01:38.025 [info] Added views:timeline in workbench.view.explorer
2024-03-06 15:01:38.025 [info] Added views:workbench.explorer.fileView in workbench.view.explorer
2024-03-06 15:01:38.352 [info] Added views:workbench.debug.variablesView,workbench.debug.watchExpressionsView,workbench.debug.callStackView,workbench.debug.breakPointsView in workbench.view.debug
2024-03-06 15:01:38.417 [info] Added views:~remote.forwardedPorts in ~remote.forwardedPortsContainer
2024-03-06 15:01:38.617 [info] Added views:workbench.panel.repl.view in workbench.panel.repl
2024-03-06 15:01:38.619 [info] Removed views:workbench.debug.breakPointsView,workbench.debug.callStackView,workbench.debug.watchExpressionsView,workbench.debug.variablesView from workbench.view.debug
2024-03-06 15:01:38.620 [info] Added views:workbench.debug.welcome in workbench.view.debug
2024-03-06 15:08:11.550 [info] Added views:workbench.views.extensions.installed,workbench.views.extensions.popular,extensions.recommendedList in workbench.view.extensions
2024-03-06 15:08:11.553 [info] Removed views:workbench.views.extensions.popular from workbench.view.extensions
2024-03-06 15:08:13.761 [info] Removed views:extensions.recommendedList,workbench.views.extensions.installed from workbench.view.extensions
2024-03-06 15:08:13.768 [info] Added views:workbench.views.extensions.marketplace in workbench.view.extensions
2024-03-06 15:08:53.473 [info] Removed views:workbench.panel.repl.view from workbench.panel.repl
2024-03-06 15:08:53.653 [info] Added views:workbench.panel.repl.view in workbench.panel.repl
2024-03-06 15:12:49.192 [info] Removed views:workbench.views.extensions.marketplace from workbench.view.extensions
2024-03-06 15:12:49.204 [info] Added views:workbench.views.extensions.installed,extensions.recommendedList in workbench.view.extensions
2024-03-06 15:12:50.463 [info] Removed views:extensions.recommendedList,workbench.views.extensions.installed from workbench.view.extensions
2024-03-06 15:12:50.468 [info] Added views:workbench.views.extensions.marketplace in workbench.view.extensions
2024-03-06 15:14:15.799 [info] Added views:workbench.view.testing in workbench.view.extension.test
2024-03-06 15:58:25.417 [info] Removed views:workbench.view.testing from workbench.view.extension.test
