2024-03-06 15:10:40.787 [info] Active editor: file:///home/luigo/Downloads/UN_Oficial/style.css
2024-03-06 15:11:32.727 [info] Active editor: file:///home/luigo/Downloads/UN_Oficial/index.html
2024-03-06 15:12:17.635 [info] Active editor: file:///home/luigo/Downloads/UN_Oficial/templates/home.html
2024-03-06 15:12:34.170 [info] /home/luigo/Downloads/UN_Oficial/templates/home.html closed
2024-03-06 15:12:34.185 [info] Active editor: file:///home/luigo/Downloads/twentytwentyfour/patterns/template-home-business.php
2024-03-06 15:12:56.460 [info] /home/luigo/Downloads/twentytwentyfour/patterns/template-home-business.php closed
2024-03-06 15:13:07.865 [info] Active editor: file:///home/luigo/Downloads/UN_Oficial/index.html
2024-03-06 15:13:09.745 [info] Active editor: file:///home/luigo/Downloads/UN_Oficial/templates/page-with-sidebar.html
2024-03-06 15:13:12.704 [info] /home/luigo/Downloads/UN_Oficial/templates/page-with-sidebar.html closed
2024-03-06 15:13:12.720 [info] Active editor: file:///home/luigo/Downloads/UN_Oficial/templates/page.html
2024-03-06 15:13:13.915 [info] /home/luigo/Downloads/UN_Oficial/templates/page.html closed
2024-03-06 15:13:13.920 [info] Active editor: file:///home/luigo/Downloads/UN_Oficial/templates/404.html
2024-03-06 15:14:15.270 [info] Configuration changed
2024-03-06 15:14:15.569 [info] Configuration changed
2024-03-06 15:15:33.777 [info] Active editor: file:///home/luigo/Downloads/UN_Oficial/index.html
2024-03-06 15:15:34.883 [info] Active editor: file:///home/luigo/Downloads/UN_Oficial/templates/404.html
2024-03-06 15:15:44.513 [info] Active editor: file:///home/luigo/Downloads/UN_Oficial/style.css
2024-03-06 15:15:46.505 [info] Active editor: file:///home/luigo/Downloads/UN_Oficial/index.html
2024-03-06 15:16:06.645 [info] /home/luigo/Downloads/UN_Oficial/templates/404.html closed
2024-03-06 15:16:06.661 [info] Active editor: file:///home/luigo/Downloads/UN_Oficial/css/unal.css
2024-03-06 15:16:18.082 [info] /home/luigo/Downloads/UN_Oficial/css/unal.css closed
2024-03-06 15:16:18.097 [info] Active editor: file:///home/luigo/Downloads/UN_Oficial/css/base.css
2024-03-06 15:16:19.221 [info] /home/luigo/Downloads/UN_Oficial/css/base.css closed
2024-03-06 15:16:19.238 [info] Active editor: file:///home/luigo/Downloads/UN_Oficial/css/accesibilidad.css
2024-03-06 15:16:47.378 [info] /home/luigo/Downloads/UN_Oficial/css/accesibilidad.css closed
2024-03-06 15:16:50.624 [info] Active editor: file:///home/luigo/Downloads/UN_Oficial/images/escudoUnal.svg
2024-03-06 15:16:52.641 [info] /home/luigo/Downloads/UN_Oficial/images/escudoUnal.svg closed
2024-03-06 15:16:52.645 [info] Active editor: file:///home/luigo/Downloads/UN_Oficial/index.html
2024-03-06 15:16:56.241 [info] Active editor: file:///home/luigo/Downloads/UN_Oficial/index.html
2024-03-06 15:17:13.455 [info] Active editor: file:///home/luigo/Downloads/UN_Oficial/templates/search.html
2024-03-06 15:21:05.923 [info] /home/luigo/Downloads/UN_Oficial/templates/search.html closed
2024-03-06 15:21:05.944 [info] Active editor: file:///home/luigo/Downloads/UN_Colipri/home.php
2024-03-06 15:21:33.080 [info] /home/luigo/Downloads/UN_Colipri/home.php closed
2024-03-06 15:21:33.096 [info] Active editor: file:///home/luigo/Downloads/UN_Colipri/index.php
2024-03-06 15:21:36.310 [info] /home/luigo/Downloads/UN_Colipri/index.php closed
2024-03-06 15:21:36.338 [info] Active editor: file:///home/luigo/Downloads/UN_Colipri/home.php
2024-03-06 15:24:23.712 [info] /embeded.embeddedhtml closed
2024-03-06 15:24:51.625 [info] Active editor: file:///home/luigo/Downloads/UN_Colipri/header.php
2024-03-06 15:25:04.914 [info] Active editor: file:///home/luigo/Downloads/UN_Oficial/index.html
2024-03-06 15:25:09.795 [info] Active editor: file:///home/luigo/Downloads/UN_Colipri/header.php
2024-03-06 15:25:29.208 [info] /home/luigo/Downloads/UN_Colipri/header.php closed
2024-03-06 15:25:29.225 [info] Active editor: file:///home/luigo/Downloads/UN_Colipri/index.php
2024-03-06 15:25:33.315 [info] /home/luigo/Downloads/UN_Colipri/index.php closed
2024-03-06 15:25:33.329 [info] Active editor: file:///home/luigo/Downloads/UN_Colipri/page.php
2024-03-06 15:25:36.225 [info] /home/luigo/Downloads/UN_Colipri/page.php closed
2024-03-06 15:25:36.239 [info] Active editor: file:///home/luigo/Downloads/UN_Colipri/index.php
2024-03-06 15:25:40.408 [info] /home/luigo/Downloads/UN_Colipri/index.php closed
2024-03-06 15:25:40.424 [info] Active editor: file:///home/luigo/Downloads/UN_Colipri/sidebar-laboratorio-2.php
2024-03-06 15:25:41.061 [info] /home/luigo/Downloads/UN_Colipri/sidebar-laboratorio-2.php closed
2024-03-06 15:25:41.075 [info] Active editor: file:///home/luigo/Downloads/UN_Colipri/single.php
2024-03-06 15:25:45.971 [info] /home/luigo/Downloads/UN_Colipri/single.php closed
2024-03-06 15:25:45.986 [info] Active editor: file:///home/luigo/Downloads/UN_Colipri/index.php
2024-03-06 15:25:47.415 [info] Active editor: file:///home/luigo/Downloads/UN_Colipri/home.php
2024-03-06 15:25:48.193 [info] /home/luigo/Downloads/UN_Colipri/index.php closed
2024-03-06 15:25:48.209 [info] Active editor: file:///home/luigo/Downloads/UN_Colipri/header.php
2024-03-06 15:25:48.960 [info] /home/luigo/Downloads/UN_Colipri/header.php closed
2024-03-06 15:25:48.976 [info] Active editor: file:///home/luigo/Downloads/UN_Colipri/functions.php
2024-03-06 15:27:13.303 [info] /home/luigo/Downloads/UN_Colipri/functions.php closed
2024-03-06 15:27:13.322 [info] Active editor: file:///home/luigo/Downloads/UN_Colipri/page-templates/t_consultoria.php
2024-03-06 15:27:14.012 [info] /home/luigo/Downloads/UN_Colipri/page-templates/t_consultoria.php closed
2024-03-06 15:27:14.029 [info] Active editor: file:///home/luigo/Downloads/UN_Colipri/page-templates/t_colipri.php
2024-03-06 15:27:18.226 [info] /home/luigo/Downloads/UN_Colipri/page-templates/t_colipri.php closed
2024-03-06 15:27:18.244 [info] Active editor: file:///home/luigo/Downloads/UN_Colipri/page-templates/t_emprendimientos.php
2024-03-06 15:27:24.520 [info] /home/luigo/Downloads/UN_Colipri/page-templates/t_emprendimientos.php closed
2024-03-06 15:27:24.536 [info] Active editor: file:///home/luigo/Downloads/UN_Colipri/page-templates/t_laboratorio.php
2024-03-06 15:27:39.080 [info] /home/luigo/Downloads/UN_Colipri/page-templates/t_laboratorio.php closed
2024-03-06 15:27:39.100 [info] Active editor: file:///home/luigo/Downloads/UN_Colipri/phpmailer/SMTP.php
2024-03-06 15:27:45.534 [info] /home/luigo/Downloads/UN_Colipri/phpmailer/SMTP.php closed
2024-03-06 15:27:45.567 [info] Active editor: file:///home/luigo/Downloads/UN_Colipri/home.php
2024-03-06 15:27:48.202 [info] /embeded.embeddedhtml closed
2024-03-06 15:27:54.764 [info] Active editor: file:///home/luigo/Downloads/UN_Colipri/single.php
2024-03-06 15:27:55.352 [info] /home/luigo/Downloads/UN_Colipri/single.php closed
2024-03-06 15:27:55.368 [info] Active editor: file:///home/luigo/Downloads/UN_Colipri/sidebar.php
2024-03-06 15:27:56.329 [info] /home/luigo/Downloads/UN_Colipri/sidebar.php closed
2024-03-06 15:27:56.343 [info] Active editor: file:///home/luigo/Downloads/UN_Colipri/single.php
2024-03-06 15:28:09.032 [info] /home/luigo/Downloads/UN_Colipri/single.php closed
2024-03-06 15:28:09.047 [info] Active editor: file:///home/luigo/Downloads/UN_Colipri/index.php
2024-03-06 15:28:10.705 [info] /home/luigo/Downloads/UN_Colipri/index.php closed
2024-03-06 15:28:10.720 [info] Active editor: file:///home/luigo/Downloads/UN_Colipri/sidebar-formacion-2.php
2024-03-06 15:28:19.602 [info] /embeded.embeddedhtml closed
2024-03-06 15:30:18.988 [info] /embeded.embeddedhtml closed
2024-03-06 15:30:28.551 [info] /embeded.embeddedhtml closed
2024-03-06 15:57:24.845 [info] /home/luigo/Downloads/UN_Colipri/sidebar-formacion-2.php closed
2024-03-06 15:57:24.852 [info] Active editor: file:///home/luigo/Downloads/UN_Colipri/home.php
2024-03-06 15:57:27.121 [info] /home/luigo/Downloads/UN_Colipri/home.php closed
2024-03-06 15:57:27.126 [info] Active editor: file:///home/luigo/Downloads/UN_Oficial/index.html
2024-03-06 15:58:11.082 [info] Active editor: file:///home/luigo/Downloads/UN_Oficial/index.html
2024-03-06 15:58:17.643 [info] /home/luigo/Downloads/UN_Oficial/index.html closed
2024-03-06 15:58:19.533 [info] Active editor: file:///home/luigo/Downloads/UN_Oficial/style.css
2024-03-06 15:58:22.617 [info] /home/luigo/Downloads/UN_Oficial/style.css closed
