2024-02-12 11:40:08.564 [info] Started initializing default profile extensions in extensions installation folder. file:///home/luigo/.vscode-oss/extensions
2024-02-12 11:40:08.790 [warning] Failed to create default profile extensions manifest in extensions installation folder. file:///home/luigo/.vscode-oss/extensions Unable to create file 'vscode-userdata:/home/luigo/.vscode-oss/extensions/extensions.json' that already exists when overwrite flag is not set
2024-02-12 11:40:08.790 [info] Completed initializing default profile extensions in extensions installation folder. file:///home/luigo/.vscode-oss/extensions
2024-02-12 11:40:31.695 [info] Getting Manifest... catppuccin.catppuccin-vsc
2024-02-12 11:40:31.829 [info] Installing extension: catppuccin.catppuccin-vsc
2024-02-12 11:40:32.704 [error] Could not load vsce-sign module Cannot find module 'node-vsce-sign'
Require stack:
- /usr/lib/code/out/bootstrap-amd.js
- /usr/lib/code/out/bootstrap-fork.js
- 
2024-02-12 11:40:32.709 [info] Extension signature verification is not done: catppuccin.catppuccin-vsc
2024-02-12 11:40:32.731 [info] Extracted extension to file:///home/luigo/.vscode-oss/extensions/catppuccin.catppuccin-vsc-3.11.1-universal: catppuccin.catppuccin-vsc
2024-02-12 11:40:32.734 [info] Renamed to /home/luigo/.vscode-oss/extensions/catppuccin.catppuccin-vsc-3.11.1-universal
2024-02-12 11:40:32.735 [info] Extracting extension completed. catppuccin.catppuccin-vsc
2024-02-12 11:40:32.745 [info] Extension installed successfully: catppuccin.catppuccin-vsc
2024-02-12 11:40:32.824 [error] [uncaught exception in sharedProcess]: Error: ENOENT: no such file or directory, stat '/home/luigo/.vscode-oss/extensions/extensions.json.vsctmp': EntryNotFound (FileSystemError): Error: ENOENT: no such file or directory, stat '/home/luigo/.vscode-oss/extensions/extensions.json.vsctmp'
    at r.create (/usr/lib/code/out/vs/code/node/sharedProcess/sharedProcessMain.js:51:30119)
    at a (/usr/lib/code/out/vs/code/node/sharedProcess/sharedProcessMain.js:51:30234)
    at i.fb (/usr/lib/code/out/vs/code/node/sharedProcess/sharedProcessMain.js:56:36631)
    at i.stat (/usr/lib/code/out/vs/code/node/sharedProcess/sharedProcessMain.js:56:29077)
    at async v.stat (/usr/lib/code/out/vs/code/node/sharedProcess/sharedProcessMain.js:56:16223)
    at async Y.tb (/usr/lib/code/out/vs/code/node/sharedProcess/sharedProcessMain.js:102:108626)
2024-02-12 11:40:42.327 [info] Getting Manifest... catppuccin.catppuccin-vsc-icons
2024-02-12 11:40:42.468 [info] Installing extension: catppuccin.catppuccin-vsc-icons
2024-02-12 11:41:27.701 [error] Could not load vsce-sign module Cannot find module 'node-vsce-sign'
Require stack:
- /usr/lib/code/out/bootstrap-amd.js
- /usr/lib/code/out/bootstrap-fork.js
- 
2024-02-12 11:41:27.702 [info] Extension signature verification is not done: catppuccin.catppuccin-vsc-icons
2024-02-12 11:41:28.988 [info] Extracted extension to file:///home/luigo/.vscode-oss/extensions/catppuccin.catppuccin-vsc-icons-1.8.0-universal: catppuccin.catppuccin-vsc-icons
2024-02-12 11:41:29.002 [info] Renamed to /home/luigo/.vscode-oss/extensions/catppuccin.catppuccin-vsc-icons-1.8.0-universal
2024-02-12 11:41:29.004 [info] Extracting extension completed. catppuccin.catppuccin-vsc-icons
2024-02-12 11:41:29.015 [info] Extension installed successfully: catppuccin.catppuccin-vsc-icons
2024-02-12 11:41:29.090 [error] [uncaught exception in sharedProcess]: Error: ENOENT: no such file or directory, stat '/home/luigo/.vscode-oss/extensions/extensions.json.vsctmp': EntryNotFound (FileSystemError): Error: ENOENT: no such file or directory, stat '/home/luigo/.vscode-oss/extensions/extensions.json.vsctmp'
    at r.create (/usr/lib/code/out/vs/code/node/sharedProcess/sharedProcessMain.js:51:30119)
    at a (/usr/lib/code/out/vs/code/node/sharedProcess/sharedProcessMain.js:51:30234)
    at i.fb (/usr/lib/code/out/vs/code/node/sharedProcess/sharedProcessMain.js:56:36631)
    at i.stat (/usr/lib/code/out/vs/code/node/sharedProcess/sharedProcessMain.js:56:29077)
    at async v.stat (/usr/lib/code/out/vs/code/node/sharedProcess/sharedProcessMain.js:56:16223)
    at async Y.tb (/usr/lib/code/out/vs/code/node/sharedProcess/sharedProcessMain.js:102:108626)
